2024/04/30 13:29:10 [emerg] 1#1: host not found in upstream "php" in /etc/nginx/conf.d/default.conf:26
2024/04/30 13:29:17 [emerg] 1#1: host not found in upstream "php" in /etc/nginx/conf.d/default.conf:26
2024/04/30 13:29:24 [emerg] 1#1: host not found in upstream "php" in /etc/nginx/conf.d/default.conf:26
2024/04/30 13:29:31 [emerg] 1#1: host not found in upstream "php" in /etc/nginx/conf.d/default.conf:26
2024/04/30 13:29:38 [emerg] 1#1: host not found in upstream "php" in /etc/nginx/conf.d/default.conf:26
2024/04/30 13:29:45 [emerg] 1#1: host not found in upstream "php" in /etc/nginx/conf.d/default.conf:26
2024/04/30 13:29:52 [emerg] 1#1: host not found in upstream "php" in /etc/nginx/conf.d/default.conf:26
2024/04/30 13:30:02 [emerg] 1#1: host not found in upstream "php" in /etc/nginx/conf.d/default.conf:26
2024/04/30 13:30:19 [emerg] 1#1: host not found in upstream "php" in /etc/nginx/conf.d/default.conf:26
2024/04/30 13:30:49 [emerg] 1#1: host not found in upstream "php" in /etc/nginx/conf.d/default.conf:26
2024/04/30 13:31:44 [emerg] 1#1: host not found in upstream "php" in /etc/nginx/conf.d/default.conf:26
2024/04/30 13:32:48 [emerg] 1#1: host not found in upstream "php" in /etc/nginx/conf.d/default.conf:26
2024/04/30 13:33:52 [emerg] 1#1: host not found in upstream "php" in /etc/nginx/conf.d/default.conf:26
2024/04/30 13:34:56 [emerg] 1#1: host not found in upstream "php" in /etc/nginx/conf.d/default.conf:26
2024/04/30 13:36:00 [emerg] 1#1: host not found in upstream "php" in /etc/nginx/conf.d/default.conf:26
2024/04/30 13:37:04 [emerg] 1#1: host not found in upstream "php" in /etc/nginx/conf.d/default.conf:26
2024/04/30 13:38:08 [emerg] 1#1: host not found in upstream "php" in /etc/nginx/conf.d/default.conf:26
2024/04/30 13:39:12 [emerg] 1#1: host not found in upstream "php" in /etc/nginx/conf.d/default.conf:26
2024/04/30 13:40:16 [emerg] 1#1: host not found in upstream "php" in /etc/nginx/conf.d/default.conf:26
2024/04/30 13:41:21 [emerg] 1#1: host not found in upstream "php" in /etc/nginx/conf.d/default.conf:26
2024/04/30 13:42:25 [emerg] 1#1: host not found in upstream "php" in /etc/nginx/conf.d/default.conf:26
2024/04/30 13:43:29 [emerg] 1#1: host not found in upstream "php" in /etc/nginx/conf.d/default.conf:26
2024/04/30 13:44:33 [emerg] 1#1: host not found in upstream "php" in /etc/nginx/conf.d/default.conf:26
2024/04/30 13:45:37 [emerg] 1#1: host not found in upstream "php" in /etc/nginx/conf.d/default.conf:26
2024/04/30 13:46:41 [emerg] 1#1: host not found in upstream "php" in /etc/nginx/conf.d/default.conf:26
2024/04/30 13:47:45 [emerg] 1#1: host not found in upstream "php" in /etc/nginx/conf.d/default.conf:26
2024/04/30 13:48:49 [emerg] 1#1: host not found in upstream "php" in /etc/nginx/conf.d/default.conf:26
2024/04/30 13:49:53 [emerg] 1#1: host not found in upstream "php" in /etc/nginx/conf.d/default.conf:26
2024/04/30 13:50:57 [emerg] 1#1: host not found in upstream "php" in /etc/nginx/conf.d/default.conf:26
2024/04/30 13:52:01 [emerg] 1#1: host not found in upstream "php" in /etc/nginx/conf.d/default.conf:26
2024/04/30 13:53:05 [emerg] 1#1: host not found in upstream "php" in /etc/nginx/conf.d/default.conf:26
2024/04/30 13:54:09 [emerg] 1#1: host not found in upstream "php" in /etc/nginx/conf.d/default.conf:26
2024/04/30 13:55:13 [emerg] 1#1: host not found in upstream "php" in /etc/nginx/conf.d/default.conf:26
2024/04/30 13:56:17 [emerg] 1#1: host not found in upstream "php" in /etc/nginx/conf.d/default.conf:26
2024/04/30 13:57:21 [emerg] 1#1: host not found in upstream "php" in /etc/nginx/conf.d/default.conf:26
2024/04/30 13:58:25 [emerg] 1#1: host not found in upstream "php" in /etc/nginx/conf.d/default.conf:26
2024/04/30 13:59:29 [emerg] 1#1: host not found in upstream "php" in /etc/nginx/conf.d/default.conf:26
2024/04/30 14:00:33 [emerg] 1#1: host not found in upstream "php" in /etc/nginx/conf.d/default.conf:26
2024/04/30 14:01:37 [emerg] 1#1: host not found in upstream "php" in /etc/nginx/conf.d/default.conf:26
2024/04/30 14:02:41 [emerg] 1#1: host not found in upstream "php" in /etc/nginx/conf.d/default.conf:26
2024/04/30 14:03:46 [emerg] 1#1: host not found in upstream "php" in /etc/nginx/conf.d/default.conf:26
2024/04/30 14:04:50 [emerg] 1#1: host not found in upstream "php" in /etc/nginx/conf.d/default.conf:26
2024/04/30 14:05:54 [emerg] 1#1: host not found in upstream "php" in /etc/nginx/conf.d/default.conf:26
2024/04/30 14:06:58 [emerg] 1#1: host not found in upstream "php" in /etc/nginx/conf.d/default.conf:26
2024/04/30 14:08:02 [emerg] 1#1: host not found in upstream "php" in /etc/nginx/conf.d/default.conf:26
2024/04/30 14:09:06 [emerg] 1#1: host not found in upstream "php" in /etc/nginx/conf.d/default.conf:26
2024/04/30 14:10:10 [emerg] 1#1: host not found in upstream "php" in /etc/nginx/conf.d/default.conf:26
2024/04/30 14:11:14 [emerg] 1#1: host not found in upstream "php" in /etc/nginx/conf.d/default.conf:26
2024/04/30 14:12:18 [emerg] 1#1: host not found in upstream "php" in /etc/nginx/conf.d/default.conf:26
2024/04/30 14:13:22 [emerg] 1#1: host not found in upstream "php" in /etc/nginx/conf.d/default.conf:26
2024/04/30 14:14:26 [emerg] 1#1: host not found in upstream "php" in /etc/nginx/conf.d/default.conf:26
2024/04/30 14:15:30 [emerg] 1#1: host not found in upstream "php" in /etc/nginx/conf.d/default.conf:26
2024/04/30 14:16:34 [emerg] 1#1: host not found in upstream "php" in /etc/nginx/conf.d/default.conf:26
2024/04/30 14:17:38 [emerg] 1#1: host not found in upstream "php" in /etc/nginx/conf.d/default.conf:26
2024/04/30 14:18:42 [emerg] 1#1: host not found in upstream "php" in /etc/nginx/conf.d/default.conf:26
2024/04/30 14:19:47 [emerg] 1#1: host not found in upstream "php" in /etc/nginx/conf.d/default.conf:26
2024/04/30 14:20:51 [emerg] 1#1: host not found in upstream "php" in /etc/nginx/conf.d/default.conf:26
2024/04/30 14:21:55 [emerg] 1#1: host not found in upstream "php" in /etc/nginx/conf.d/default.conf:26
2024/04/30 14:22:59 [emerg] 1#1: host not found in upstream "php" in /etc/nginx/conf.d/default.conf:26
2024/04/30 14:24:03 [emerg] 1#1: host not found in upstream "php" in /etc/nginx/conf.d/default.conf:26
2024/04/30 14:25:07 [emerg] 1#1: host not found in upstream "php" in /etc/nginx/conf.d/default.conf:26
2024/04/30 14:26:11 [emerg] 1#1: host not found in upstream "php" in /etc/nginx/conf.d/default.conf:26
2024/04/30 14:27:15 [emerg] 1#1: host not found in upstream "php" in /etc/nginx/conf.d/default.conf:26
2024/04/30 14:28:19 [emerg] 1#1: host not found in upstream "php" in /etc/nginx/conf.d/default.conf:26
2024/04/30 14:29:23 [emerg] 1#1: host not found in upstream "php" in /etc/nginx/conf.d/default.conf:26
2024/04/30 14:30:27 [emerg] 1#1: host not found in upstream "php" in /etc/nginx/conf.d/default.conf:26
2024/04/30 14:31:31 [emerg] 1#1: host not found in upstream "php" in /etc/nginx/conf.d/default.conf:26
2024/04/30 14:32:35 [emerg] 1#1: host not found in upstream "php" in /etc/nginx/conf.d/default.conf:26
2024/04/30 14:33:39 [emerg] 1#1: host not found in upstream "php" in /etc/nginx/conf.d/default.conf:26
2024/04/30 14:34:44 [emerg] 1#1: host not found in upstream "php" in /etc/nginx/conf.d/default.conf:26
2024/04/30 14:35:48 [emerg] 1#1: host not found in upstream "php" in /etc/nginx/conf.d/default.conf:26
2024/04/30 14:36:52 [emerg] 1#1: host not found in upstream "php" in /etc/nginx/conf.d/default.conf:26
2024/04/30 14:37:56 [emerg] 1#1: host not found in upstream "php" in /etc/nginx/conf.d/default.conf:26
2024/04/30 14:39:00 [emerg] 1#1: host not found in upstream "php" in /etc/nginx/conf.d/default.conf:26
2024/04/30 14:40:04 [emerg] 1#1: host not found in upstream "php" in /etc/nginx/conf.d/default.conf:26
2024/04/30 14:41:08 [emerg] 1#1: host not found in upstream "php" in /etc/nginx/conf.d/default.conf:26
2024/04/30 14:42:12 [emerg] 1#1: host not found in upstream "php" in /etc/nginx/conf.d/default.conf:26
2024/04/30 14:43:16 [emerg] 1#1: host not found in upstream "php" in /etc/nginx/conf.d/default.conf:26
2024/04/30 14:44:20 [emerg] 1#1: host not found in upstream "php" in /etc/nginx/conf.d/default.conf:26
2024/04/30 14:45:24 [emerg] 1#1: host not found in upstream "php" in /etc/nginx/conf.d/default.conf:26
2024/04/30 14:46:28 [emerg] 1#1: host not found in upstream "php" in /etc/nginx/conf.d/default.conf:26
2024/04/30 14:47:33 [emerg] 1#1: host not found in upstream "php" in /etc/nginx/conf.d/default.conf:26
2024/04/30 14:48:37 [emerg] 1#1: host not found in upstream "php" in /etc/nginx/conf.d/default.conf:26
2024/04/30 14:49:41 [emerg] 1#1: host not found in upstream "php" in /etc/nginx/conf.d/default.conf:26
2024/04/30 14:50:45 [emerg] 1#1: host not found in upstream "php" in /etc/nginx/conf.d/default.conf:26
2024/04/30 14:51:49 [emerg] 1#1: host not found in upstream "php" in /etc/nginx/conf.d/default.conf:26
2024/04/30 14:52:53 [emerg] 1#1: host not found in upstream "php" in /etc/nginx/conf.d/default.conf:26
2024/04/30 14:53:57 [emerg] 1#1: host not found in upstream "php" in /etc/nginx/conf.d/default.conf:26
2024/04/30 14:55:01 [emerg] 1#1: host not found in upstream "php" in /etc/nginx/conf.d/default.conf:26
2024/04/30 14:56:05 [emerg] 1#1: host not found in upstream "php" in /etc/nginx/conf.d/default.conf:26
2024/04/30 14:57:09 [emerg] 1#1: host not found in upstream "php" in /etc/nginx/conf.d/default.conf:26
2024/04/30 14:58:13 [emerg] 1#1: host not found in upstream "textmagic-php" in /etc/nginx/conf.d/default.conf:25
2024/04/30 14:59:18 [emerg] 1#1: invalid number of arguments in "fastcgi_pass" directive in /etc/nginx/conf.d/default.conf:26
2024/04/30 15:00:18 [emerg] 1#1: invalid number of arguments in "fastcgi_pass" directive in /etc/nginx/conf.d/default.conf:26
2024/04/30 15:01:33 [emerg] 1#1: invalid number of arguments in "fastcgi_pass" directive in /etc/nginx/conf.d/default.conf:26
2024/04/30 15:01:33 [emerg] 1#1: invalid number of arguments in "fastcgi_pass" directive in /etc/nginx/conf.d/default.conf:26
2024/04/30 15:01:34 [emerg] 1#1: invalid number of arguments in "fastcgi_pass" directive in /etc/nginx/conf.d/default.conf:26
2024/04/30 15:01:35 [emerg] 1#1: invalid number of arguments in "fastcgi_pass" directive in /etc/nginx/conf.d/default.conf:26
2024/04/30 15:01:36 [emerg] 1#1: invalid number of arguments in "fastcgi_pass" directive in /etc/nginx/conf.d/default.conf:26
2024/04/30 15:01:38 [emerg] 1#1: invalid number of arguments in "fastcgi_pass" directive in /etc/nginx/conf.d/default.conf:26
2024/04/30 15:01:41 [emerg] 1#1: invalid number of arguments in "fastcgi_pass" directive in /etc/nginx/conf.d/default.conf:26
2024/04/30 15:01:48 [emerg] 1#1: invalid number of arguments in "fastcgi_pass" directive in /etc/nginx/conf.d/default.conf:26
2024/04/30 15:02:01 [emerg] 1#1: invalid number of arguments in "fastcgi_pass" directive in /etc/nginx/conf.d/default.conf:26
2024/04/30 15:02:27 [emerg] 1#1: invalid number of arguments in "fastcgi_pass" directive in /etc/nginx/conf.d/default.conf:26
2024/04/30 15:03:19 [emerg] 1#1: invalid number of arguments in "fastcgi_pass" directive in /etc/nginx/conf.d/default.conf:26
2024/04/30 15:04:19 [emerg] 1#1: invalid number of arguments in "fastcgi_pass" directive in /etc/nginx/conf.d/default.conf:26
2024/04/30 15:05:19 [emerg] 1#1: invalid number of arguments in "fastcgi_pass" directive in /etc/nginx/conf.d/default.conf:26
2024/04/30 15:06:17 [emerg] 1#1: invalid number of arguments in "fastcgi_pass" directive in /etc/nginx/conf.d/default.conf:26
2024/04/30 15:06:18 [emerg] 1#1: invalid number of arguments in "fastcgi_pass" directive in /etc/nginx/conf.d/default.conf:26
2024/04/30 15:06:18 [emerg] 1#1: invalid number of arguments in "fastcgi_pass" directive in /etc/nginx/conf.d/default.conf:26
2024/04/30 15:06:19 [emerg] 1#1: invalid number of arguments in "fastcgi_pass" directive in /etc/nginx/conf.d/default.conf:26
2024/04/30 15:06:20 [emerg] 1#1: invalid number of arguments in "fastcgi_pass" directive in /etc/nginx/conf.d/default.conf:26
2024/04/30 15:06:22 [emerg] 1#1: invalid number of arguments in "fastcgi_pass" directive in /etc/nginx/conf.d/default.conf:26
2024/04/30 15:06:26 [emerg] 1#1: invalid number of arguments in "fastcgi_pass" directive in /etc/nginx/conf.d/default.conf:26
2024/04/30 15:06:33 [emerg] 1#1: invalid number of arguments in "fastcgi_pass" directive in /etc/nginx/conf.d/default.conf:26
2024/04/30 15:06:46 [emerg] 1#1: invalid number of arguments in "fastcgi_pass" directive in /etc/nginx/conf.d/default.conf:26
2024/04/30 15:07:12 [emerg] 1#1: invalid number of arguments in "fastcgi_pass" directive in /etc/nginx/conf.d/default.conf:26
2024/04/30 15:08:03 [emerg] 1#1: invalid number of arguments in "fastcgi_pass" directive in /etc/nginx/conf.d/default.conf:26
2024/04/30 15:08:39 [emerg] 1#1: invalid number of arguments in "fastcgi_pass" directive in /etc/nginx/conf.d/default.conf:26
2024/04/30 15:08:40 [emerg] 1#1: invalid number of arguments in "fastcgi_pass" directive in /etc/nginx/conf.d/default.conf:26
2024/04/30 15:08:41 [emerg] 1#1: invalid number of arguments in "fastcgi_pass" directive in /etc/nginx/conf.d/default.conf:26
2024/04/30 15:08:41 [emerg] 1#1: invalid number of arguments in "fastcgi_pass" directive in /etc/nginx/conf.d/default.conf:26
2024/04/30 15:08:43 [emerg] 1#1: invalid number of arguments in "fastcgi_pass" directive in /etc/nginx/conf.d/default.conf:26
2024/04/30 15:08:44 [emerg] 1#1: invalid number of arguments in "fastcgi_pass" directive in /etc/nginx/conf.d/default.conf:26
2024/04/30 15:08:48 [emerg] 1#1: invalid number of arguments in "fastcgi_pass" directive in /etc/nginx/conf.d/default.conf:26
2024/04/30 15:08:55 [emerg] 1#1: invalid number of arguments in "fastcgi_pass" directive in /etc/nginx/conf.d/default.conf:26
2024/04/30 15:09:08 [emerg] 1#1: invalid number of arguments in "fastcgi_pass" directive in /etc/nginx/conf.d/default.conf:26
2024/04/30 15:09:34 [emerg] 1#1: invalid number of arguments in "fastcgi_pass" directive in /etc/nginx/conf.d/default.conf:26
2024/04/30 15:10:25 [emerg] 1#1: invalid number of arguments in "fastcgi_pass" directive in /etc/nginx/conf.d/default.conf:26
2024/04/30 15:11:26 [emerg] 1#1: invalid number of arguments in "fastcgi_pass" directive in /etc/nginx/conf.d/default.conf:26
2024/04/30 15:12:26 [emerg] 1#1: invalid number of arguments in "fastcgi_pass" directive in /etc/nginx/conf.d/default.conf:26
2024/04/30 15:13:26 [emerg] 1#1: invalid number of arguments in "fastcgi_pass" directive in /etc/nginx/conf.d/default.conf:26
2024/04/30 15:14:27 [emerg] 1#1: invalid number of arguments in "fastcgi_pass" directive in /etc/nginx/conf.d/default.conf:26
2024/04/30 15:15:27 [emerg] 1#1: invalid number of arguments in "fastcgi_pass" directive in /etc/nginx/conf.d/default.conf:26
2024/04/30 15:16:27 [emerg] 1#1: invalid number of arguments in "fastcgi_pass" directive in /etc/nginx/conf.d/default.conf:26
2024/04/30 15:17:28 [emerg] 1#1: invalid number of arguments in "fastcgi_pass" directive in /etc/nginx/conf.d/default.conf:26
2024/04/30 15:18:28 [emerg] 1#1: invalid number of arguments in "fastcgi_pass" directive in /etc/nginx/conf.d/default.conf:26
2024/04/30 15:19:28 [emerg] 1#1: invalid number of arguments in "fastcgi_pass" directive in /etc/nginx/conf.d/default.conf:26
2024/04/30 15:20:29 [emerg] 1#1: invalid number of arguments in "fastcgi_pass" directive in /etc/nginx/conf.d/default.conf:26
2024/04/30 15:21:29 [emerg] 1#1: invalid number of arguments in "fastcgi_pass" directive in /etc/nginx/conf.d/default.conf:26
2024/04/30 15:22:29 [emerg] 1#1: invalid number of arguments in "fastcgi_pass" directive in /etc/nginx/conf.d/default.conf:26
2024/05/01 09:02:40 [emerg] 1#1: invalid number of arguments in "fastcgi_pass" directive in /etc/nginx/conf.d/default.conf:26
2024/05/01 09:03:40 [emerg] 1#1: invalid number of arguments in "fastcgi_pass" directive in /etc/nginx/conf.d/default.conf:26
2024/05/01 09:04:41 [emerg] 1#1: invalid number of arguments in "fastcgi_pass" directive in /etc/nginx/conf.d/default.conf:26
2024/05/01 09:05:41 [emerg] 1#1: invalid number of arguments in "fastcgi_pass" directive in /etc/nginx/conf.d/default.conf:26
2024/05/01 09:06:41 [emerg] 1#1: invalid number of arguments in "fastcgi_pass" directive in /etc/nginx/conf.d/default.conf:26
2024/05/01 09:07:42 [emerg] 1#1: invalid number of arguments in "fastcgi_pass" directive in /etc/nginx/conf.d/default.conf:26
2024/05/01 09:08:42 [emerg] 1#1: invalid number of arguments in "fastcgi_pass" directive in /etc/nginx/conf.d/default.conf:26
2024/05/01 09:09:42 [emerg] 1#1: invalid number of arguments in "fastcgi_pass" directive in /etc/nginx/conf.d/default.conf:26
2024/05/01 09:10:43 [emerg] 1#1: invalid number of arguments in "fastcgi_pass" directive in /etc/nginx/conf.d/default.conf:26
2024/05/01 09:11:43 [emerg] 1#1: invalid number of arguments in "fastcgi_pass" directive in /etc/nginx/conf.d/default.conf:26
2024/05/01 09:12:44 [emerg] 1#1: invalid number of arguments in "fastcgi_pass" directive in /etc/nginx/conf.d/default.conf:26
2024/05/01 09:13:44 [emerg] 1#1: invalid number of arguments in "fastcgi_pass" directive in /etc/nginx/conf.d/default.conf:26
2024/05/01 09:14:44 [emerg] 1#1: invalid number of arguments in "fastcgi_pass" directive in /etc/nginx/conf.d/default.conf:26
2024/05/01 09:15:45 [emerg] 1#1: invalid number of arguments in "fastcgi_pass" directive in /etc/nginx/conf.d/default.conf:26
2024/05/01 09:16:45 [emerg] 1#1: invalid number of arguments in "fastcgi_pass" directive in /etc/nginx/conf.d/default.conf:26
2024/05/01 09:17:45 [emerg] 1#1: invalid number of arguments in "fastcgi_pass" directive in /etc/nginx/conf.d/default.conf:26
2024/05/01 09:18:46 [emerg] 1#1: invalid number of arguments in "fastcgi_pass" directive in /etc/nginx/conf.d/default.conf:26
2024/05/01 09:19:46 [emerg] 1#1: invalid number of arguments in "fastcgi_pass" directive in /etc/nginx/conf.d/default.conf:26
2024/05/01 09:20:46 [emerg] 1#1: invalid number of arguments in "fastcgi_pass" directive in /etc/nginx/conf.d/default.conf:26
2024/05/01 09:21:47 [emerg] 1#1: invalid number of arguments in "fastcgi_pass" directive in /etc/nginx/conf.d/default.conf:26
2024/05/01 09:22:47 [emerg] 1#1: invalid number of arguments in "fastcgi_pass" directive in /etc/nginx/conf.d/default.conf:26
2024/05/01 09:23:47 [emerg] 1#1: invalid number of arguments in "fastcgi_pass" directive in /etc/nginx/conf.d/default.conf:26
2024/05/01 09:24:48 [emerg] 1#1: invalid number of arguments in "fastcgi_pass" directive in /etc/nginx/conf.d/default.conf:26
2024/05/01 09:25:48 [emerg] 1#1: invalid number of arguments in "fastcgi_pass" directive in /etc/nginx/conf.d/default.conf:26
2024/05/01 09:26:48 [emerg] 1#1: invalid number of arguments in "fastcgi_pass" directive in /etc/nginx/conf.d/default.conf:26
2024/05/01 09:27:49 [emerg] 1#1: invalid number of arguments in "fastcgi_pass" directive in /etc/nginx/conf.d/default.conf:26
2024/05/01 09:28:49 [emerg] 1#1: invalid number of arguments in "fastcgi_pass" directive in /etc/nginx/conf.d/default.conf:26
2024/05/01 09:29:49 [emerg] 1#1: invalid number of arguments in "fastcgi_pass" directive in /etc/nginx/conf.d/default.conf:26
2024/05/01 09:30:50 [emerg] 1#1: invalid number of arguments in "fastcgi_pass" directive in /etc/nginx/conf.d/default.conf:26
2024/05/01 09:31:50 [emerg] 1#1: invalid number of arguments in "fastcgi_pass" directive in /etc/nginx/conf.d/default.conf:26
2024/05/01 09:32:50 [emerg] 1#1: invalid number of arguments in "fastcgi_pass" directive in /etc/nginx/conf.d/default.conf:26
2024/05/01 09:33:51 [emerg] 1#1: invalid number of arguments in "fastcgi_pass" directive in /etc/nginx/conf.d/default.conf:26
2024/05/01 09:34:51 [emerg] 1#1: invalid number of arguments in "fastcgi_pass" directive in /etc/nginx/conf.d/default.conf:26
2024/05/01 09:35:52 [emerg] 1#1: invalid number of arguments in "fastcgi_pass" directive in /etc/nginx/conf.d/default.conf:26
2024/05/01 09:36:52 [emerg] 1#1: invalid number of arguments in "fastcgi_pass" directive in /etc/nginx/conf.d/default.conf:26
2024/05/01 09:37:52 [emerg] 1#1: invalid number of arguments in "fastcgi_pass" directive in /etc/nginx/conf.d/default.conf:26
2024/05/01 09:38:53 [emerg] 1#1: invalid number of arguments in "fastcgi_pass" directive in /etc/nginx/conf.d/default.conf:26
2024/05/01 09:39:53 [emerg] 1#1: invalid number of arguments in "fastcgi_pass" directive in /etc/nginx/conf.d/default.conf:26
2024/05/01 09:40:53 [emerg] 1#1: invalid number of arguments in "fastcgi_pass" directive in /etc/nginx/conf.d/default.conf:26
2024/05/01 09:41:54 [emerg] 1#1: invalid number of arguments in "fastcgi_pass" directive in /etc/nginx/conf.d/default.conf:26
2024/05/01 09:42:54 [emerg] 1#1: invalid number of arguments in "fastcgi_pass" directive in /etc/nginx/conf.d/default.conf:26
2024/05/01 09:43:54 [emerg] 1#1: invalid number of arguments in "fastcgi_pass" directive in /etc/nginx/conf.d/default.conf:26
2024/05/01 09:44:55 [emerg] 1#1: invalid number of arguments in "fastcgi_pass" directive in /etc/nginx/conf.d/default.conf:26
2024/05/01 09:45:55 [emerg] 1#1: invalid number of arguments in "fastcgi_pass" directive in /etc/nginx/conf.d/default.conf:26
2024/05/01 09:46:55 [emerg] 1#1: invalid number of arguments in "fastcgi_pass" directive in /etc/nginx/conf.d/default.conf:26
2024/05/01 09:47:56 [emerg] 1#1: invalid number of arguments in "fastcgi_pass" directive in /etc/nginx/conf.d/default.conf:26
2024/05/01 09:48:56 [emerg] 1#1: invalid number of arguments in "fastcgi_pass" directive in /etc/nginx/conf.d/default.conf:26
2024/05/01 09:49:56 [emerg] 1#1: invalid number of arguments in "fastcgi_pass" directive in /etc/nginx/conf.d/default.conf:26
2024/05/01 09:50:57 [emerg] 1#1: invalid number of arguments in "fastcgi_pass" directive in /etc/nginx/conf.d/default.conf:26
2024/05/01 09:51:57 [emerg] 1#1: invalid number of arguments in "fastcgi_pass" directive in /etc/nginx/conf.d/default.conf:26
2024/05/01 09:52:57 [emerg] 1#1: invalid number of arguments in "fastcgi_pass" directive in /etc/nginx/conf.d/default.conf:26
2024/05/01 09:53:58 [emerg] 1#1: invalid number of arguments in "fastcgi_pass" directive in /etc/nginx/conf.d/default.conf:26
2024/05/01 09:54:58 [emerg] 1#1: invalid number of arguments in "fastcgi_pass" directive in /etc/nginx/conf.d/default.conf:26
2024/05/01 09:55:58 [emerg] 1#1: invalid number of arguments in "fastcgi_pass" directive in /etc/nginx/conf.d/default.conf:26
2024/05/01 09:56:59 [emerg] 1#1: invalid number of arguments in "fastcgi_pass" directive in /etc/nginx/conf.d/default.conf:26
2024/05/01 09:57:59 [emerg] 1#1: invalid number of arguments in "fastcgi_pass" directive in /etc/nginx/conf.d/default.conf:26
2024/05/01 09:58:59 [emerg] 1#1: invalid number of arguments in "fastcgi_pass" directive in /etc/nginx/conf.d/default.conf:26
2024/05/01 10:00:00 [emerg] 1#1: invalid number of arguments in "fastcgi_pass" directive in /etc/nginx/conf.d/default.conf:26
2024/05/01 10:01:00 [emerg] 1#1: invalid number of arguments in "fastcgi_pass" directive in /etc/nginx/conf.d/default.conf:26
2024/05/01 10:02:00 [emerg] 1#1: invalid number of arguments in "fastcgi_pass" directive in /etc/nginx/conf.d/default.conf:26
2024/05/01 10:03:01 [emerg] 1#1: invalid number of arguments in "fastcgi_pass" directive in /etc/nginx/conf.d/default.conf:26
2024/05/01 10:04:01 [emerg] 1#1: invalid number of arguments in "fastcgi_pass" directive in /etc/nginx/conf.d/default.conf:26
2024/05/01 10:05:02 [emerg] 1#1: invalid number of arguments in "fastcgi_pass" directive in /etc/nginx/conf.d/default.conf:26
2024/05/01 10:06:02 [emerg] 1#1: invalid number of arguments in "fastcgi_pass" directive in /etc/nginx/conf.d/default.conf:26
2024/05/01 10:07:02 [emerg] 1#1: invalid number of arguments in "fastcgi_pass" directive in /etc/nginx/conf.d/default.conf:26
2024/05/01 10:08:02 [emerg] 1#1: invalid number of arguments in "fastcgi_pass" directive in /etc/nginx/conf.d/default.conf:26
2024/05/01 10:09:03 [emerg] 1#1: invalid number of arguments in "fastcgi_pass" directive in /etc/nginx/conf.d/default.conf:26
2024/05/01 10:10:03 [emerg] 1#1: invalid number of arguments in "fastcgi_pass" directive in /etc/nginx/conf.d/default.conf:26
2024/05/01 10:11:03 [emerg] 1#1: invalid number of arguments in "fastcgi_pass" directive in /etc/nginx/conf.d/default.conf:26
2024/05/01 10:12:04 [emerg] 1#1: invalid number of arguments in "fastcgi_pass" directive in /etc/nginx/conf.d/default.conf:26
2024/05/01 10:13:04 [emerg] 1#1: invalid number of arguments in "fastcgi_pass" directive in /etc/nginx/conf.d/default.conf:26
2024/05/01 10:14:04 [emerg] 1#1: invalid number of arguments in "fastcgi_pass" directive in /etc/nginx/conf.d/default.conf:26
2024/05/01 10:15:05 [emerg] 1#1: invalid number of arguments in "fastcgi_pass" directive in /etc/nginx/conf.d/default.conf:26
2024/05/01 10:16:05 [emerg] 1#1: invalid number of arguments in "fastcgi_pass" directive in /etc/nginx/conf.d/default.conf:26
2024/05/01 10:17:05 [emerg] 1#1: invalid number of arguments in "fastcgi_pass" directive in /etc/nginx/conf.d/default.conf:26
2024/05/01 10:18:06 [emerg] 1#1: invalid number of arguments in "fastcgi_pass" directive in /etc/nginx/conf.d/default.conf:26
2024/05/01 10:19:06 [emerg] 1#1: invalid number of arguments in "fastcgi_pass" directive in /etc/nginx/conf.d/default.conf:26
2024/05/01 10:20:06 [emerg] 1#1: invalid number of arguments in "fastcgi_pass" directive in /etc/nginx/conf.d/default.conf:26
2024/05/01 10:21:07 [emerg] 1#1: invalid number of arguments in "fastcgi_pass" directive in /etc/nginx/conf.d/default.conf:26
2024/05/01 10:22:07 [emerg] 1#1: invalid number of arguments in "fastcgi_pass" directive in /etc/nginx/conf.d/default.conf:26
2024/05/01 10:23:07 [emerg] 1#1: invalid number of arguments in "fastcgi_pass" directive in /etc/nginx/conf.d/default.conf:26
2024/05/01 10:24:08 [emerg] 1#1: invalid number of arguments in "fastcgi_pass" directive in /etc/nginx/conf.d/default.conf:26
2024/05/01 10:25:08 [emerg] 1#1: invalid number of arguments in "fastcgi_pass" directive in /etc/nginx/conf.d/default.conf:26
2024/05/01 10:26:08 [emerg] 1#1: invalid number of arguments in "fastcgi_pass" directive in /etc/nginx/conf.d/default.conf:26
2024/05/01 10:27:09 [emerg] 1#1: invalid number of arguments in "fastcgi_pass" directive in /etc/nginx/conf.d/default.conf:26
2024/05/01 10:28:09 [emerg] 1#1: invalid number of arguments in "fastcgi_pass" directive in /etc/nginx/conf.d/default.conf:26
2024/05/01 10:29:09 [emerg] 1#1: invalid number of arguments in "fastcgi_pass" directive in /etc/nginx/conf.d/default.conf:26
2024/05/01 10:30:10 [emerg] 1#1: invalid number of arguments in "fastcgi_pass" directive in /etc/nginx/conf.d/default.conf:26
2024/05/01 10:31:10 [emerg] 1#1: invalid number of arguments in "fastcgi_pass" directive in /etc/nginx/conf.d/default.conf:26
2024/05/01 10:39:03 [emerg] 1#1: invalid number of arguments in "fastcgi_pass" directive in /etc/nginx/conf.d/default.conf:26
2024/05/01 10:40:04 [emerg] 1#1: invalid number of arguments in "fastcgi_pass" directive in /etc/nginx/conf.d/default.conf:26
2024/05/01 10:41:04 [emerg] 1#1: invalid number of arguments in "fastcgi_pass" directive in /etc/nginx/conf.d/default.conf:26
2024/05/01 10:42:05 [emerg] 1#1: invalid number of arguments in "fastcgi_pass" directive in /etc/nginx/conf.d/default.conf:26
2024/05/01 10:43:05 [emerg] 1#1: invalid number of arguments in "fastcgi_pass" directive in /etc/nginx/conf.d/default.conf:26
2024/05/01 10:44:06 [emerg] 1#1: invalid number of arguments in "fastcgi_pass" directive in /etc/nginx/conf.d/default.conf:26
2024/05/01 10:45:06 [emerg] 1#1: invalid number of arguments in "fastcgi_pass" directive in /etc/nginx/conf.d/default.conf:26
2024/05/01 10:46:07 [emerg] 1#1: invalid number of arguments in "fastcgi_pass" directive in /etc/nginx/conf.d/default.conf:26
2024/05/01 10:47:07 [emerg] 1#1: invalid number of arguments in "fastcgi_pass" directive in /etc/nginx/conf.d/default.conf:26
2024/05/01 10:48:08 [emerg] 1#1: invalid number of arguments in "fastcgi_pass" directive in /etc/nginx/conf.d/default.conf:26
2024/05/01 10:49:09 [emerg] 1#1: invalid number of arguments in "fastcgi_pass" directive in /etc/nginx/conf.d/default.conf:26
2024/05/01 10:50:09 [emerg] 1#1: invalid number of arguments in "fastcgi_pass" directive in /etc/nginx/conf.d/default.conf:26
2024/05/01 10:51:10 [emerg] 1#1: invalid number of arguments in "fastcgi_pass" directive in /etc/nginx/conf.d/default.conf:26
2024/05/01 10:52:10 [emerg] 1#1: invalid number of arguments in "fastcgi_pass" directive in /etc/nginx/conf.d/default.conf:26
2024/05/01 10:53:13 [emerg] 1#1: invalid number of arguments in "fastcgi_pass" directive in /etc/nginx/conf.d/default.conf:26
2024/05/01 10:54:13 [emerg] 1#1: invalid number of arguments in "fastcgi_pass" directive in /etc/nginx/conf.d/default.conf:26
2024/05/01 10:55:14 [emerg] 1#1: invalid number of arguments in "fastcgi_pass" directive in /etc/nginx/conf.d/default.conf:26
2024/05/01 10:56:14 [emerg] 1#1: invalid number of arguments in "fastcgi_pass" directive in /etc/nginx/conf.d/default.conf:26
2024/05/01 10:57:15 [emerg] 1#1: invalid number of arguments in "fastcgi_pass" directive in /etc/nginx/conf.d/default.conf:26
2024/05/01 10:58:15 [emerg] 1#1: invalid number of arguments in "fastcgi_pass" directive in /etc/nginx/conf.d/default.conf:26
2024/05/01 10:59:16 [emerg] 1#1: invalid number of arguments in "fastcgi_pass" directive in /etc/nginx/conf.d/default.conf:26
2024/05/01 11:00:16 [emerg] 1#1: invalid number of arguments in "fastcgi_pass" directive in /etc/nginx/conf.d/default.conf:26
2024/05/01 11:01:16 [emerg] 1#1: invalid number of arguments in "fastcgi_pass" directive in /etc/nginx/conf.d/default.conf:26
2024/05/01 11:02:17 [emerg] 1#1: invalid number of arguments in "fastcgi_pass" directive in /etc/nginx/conf.d/default.conf:26
2024/05/01 11:03:17 [emerg] 1#1: invalid number of arguments in "fastcgi_pass" directive in /etc/nginx/conf.d/default.conf:26
2024/05/01 11:04:18 [emerg] 1#1: invalid number of arguments in "fastcgi_pass" directive in /etc/nginx/conf.d/default.conf:26
2024/05/01 11:05:31 [emerg] 1#1: invalid number of arguments in "fastcgi_pass" directive in /etc/nginx/conf.d/default.conf:26
2024/05/01 11:06:31 [emerg] 1#1: invalid number of arguments in "fastcgi_pass" directive in /etc/nginx/conf.d/default.conf:26
2024/05/01 11:07:32 [emerg] 1#1: invalid number of arguments in "fastcgi_pass" directive in /etc/nginx/conf.d/default.conf:26
2024/05/01 11:08:32 [emerg] 1#1: invalid number of arguments in "fastcgi_pass" directive in /etc/nginx/conf.d/default.conf:26
2024/05/01 11:22:26 [emerg] 1#1: invalid number of arguments in "fastcgi_pass" directive in /etc/nginx/conf.d/default.conf:26
2024/05/01 11:23:27 [emerg] 1#1: invalid number of arguments in "fastcgi_pass" directive in /etc/nginx/conf.d/default.conf:26
2024/05/01 11:24:27 [emerg] 1#1: invalid number of arguments in "fastcgi_pass" directive in /etc/nginx/conf.d/default.conf:26
2024/05/01 11:25:28 [emerg] 1#1: invalid number of arguments in "fastcgi_pass" directive in /etc/nginx/conf.d/default.conf:26
2024/05/01 11:26:28 [emerg] 1#1: invalid number of arguments in "fastcgi_pass" directive in /etc/nginx/conf.d/default.conf:26
2024/05/01 11:27:29 [emerg] 1#1: invalid number of arguments in "fastcgi_pass" directive in /etc/nginx/conf.d/default.conf:26
2024/05/01 11:28:29 [emerg] 1#1: invalid number of arguments in "fastcgi_pass" directive in /etc/nginx/conf.d/default.conf:26
2024/05/01 11:29:30 [emerg] 1#1: invalid number of arguments in "fastcgi_pass" directive in /etc/nginx/conf.d/default.conf:26
2024/05/01 11:30:30 [emerg] 1#1: invalid number of arguments in "fastcgi_pass" directive in /etc/nginx/conf.d/default.conf:26
2024/05/01 11:31:31 [emerg] 1#1: invalid number of arguments in "fastcgi_pass" directive in /etc/nginx/conf.d/default.conf:26
2024/05/01 11:32:31 [emerg] 1#1: invalid number of arguments in "fastcgi_pass" directive in /etc/nginx/conf.d/default.conf:26
2024/05/01 11:33:32 [emerg] 1#1: invalid number of arguments in "fastcgi_pass" directive in /etc/nginx/conf.d/default.conf:26
2024/05/01 11:34:32 [emerg] 1#1: invalid number of arguments in "fastcgi_pass" directive in /etc/nginx/conf.d/default.conf:26
2024/05/01 11:35:33 [emerg] 1#1: invalid number of arguments in "fastcgi_pass" directive in /etc/nginx/conf.d/default.conf:26
2024/05/01 11:36:33 [emerg] 1#1: invalid number of arguments in "fastcgi_pass" directive in /etc/nginx/conf.d/default.conf:26
2024/05/01 11:37:34 [emerg] 1#1: invalid number of arguments in "fastcgi_pass" directive in /etc/nginx/conf.d/default.conf:26
2024/05/01 11:38:34 [emerg] 1#1: invalid number of arguments in "fastcgi_pass" directive in /etc/nginx/conf.d/default.conf:26
2024/05/01 11:39:35 [emerg] 1#1: invalid number of arguments in "fastcgi_pass" directive in /etc/nginx/conf.d/default.conf:26
2024/05/01 11:40:35 [emerg] 1#1: invalid number of arguments in "fastcgi_pass" directive in /etc/nginx/conf.d/default.conf:26
2024/05/01 11:41:36 [emerg] 1#1: invalid number of arguments in "fastcgi_pass" directive in /etc/nginx/conf.d/default.conf:26
2024/05/01 11:42:36 [emerg] 1#1: invalid number of arguments in "fastcgi_pass" directive in /etc/nginx/conf.d/default.conf:26
2024/05/01 11:43:37 [emerg] 1#1: invalid number of arguments in "fastcgi_pass" directive in /etc/nginx/conf.d/default.conf:26
2024/05/01 11:44:37 [emerg] 1#1: invalid number of arguments in "fastcgi_pass" directive in /etc/nginx/conf.d/default.conf:26
2024/05/01 11:45:38 [emerg] 1#1: invalid number of arguments in "fastcgi_pass" directive in /etc/nginx/conf.d/default.conf:26
2024/05/01 11:46:38 [emerg] 1#1: invalid number of arguments in "fastcgi_pass" directive in /etc/nginx/conf.d/default.conf:26
2024/05/01 11:47:38 [emerg] 1#1: invalid number of arguments in "fastcgi_pass" directive in /etc/nginx/conf.d/default.conf:26
2024/05/01 11:48:39 [emerg] 1#1: invalid number of arguments in "fastcgi_pass" directive in /etc/nginx/conf.d/default.conf:26
2024/05/01 11:49:40 [emerg] 1#1: invalid number of arguments in "fastcgi_pass" directive in /etc/nginx/conf.d/default.conf:26
2024/05/01 11:50:40 [emerg] 1#1: invalid number of arguments in "fastcgi_pass" directive in /etc/nginx/conf.d/default.conf:26
2024/05/01 11:51:41 [emerg] 1#1: invalid number of arguments in "fastcgi_pass" directive in /etc/nginx/conf.d/default.conf:26
2024/05/01 11:52:41 [emerg] 1#1: invalid number of arguments in "fastcgi_pass" directive in /etc/nginx/conf.d/default.conf:26
2024/05/01 11:54:32 [emerg] 1#1: invalid number of arguments in "fastcgi_pass" directive in /etc/nginx/conf.d/default.conf:32
2024/05/01 11:54:33 [emerg] 1#1: invalid number of arguments in "fastcgi_pass" directive in /etc/nginx/conf.d/default.conf:32
2024/05/01 11:54:34 [emerg] 1#1: invalid number of arguments in "fastcgi_pass" directive in /etc/nginx/conf.d/default.conf:32
2024/05/01 11:54:35 [emerg] 1#1: invalid number of arguments in "fastcgi_pass" directive in /etc/nginx/conf.d/default.conf:32
2024/05/01 11:54:36 [emerg] 1#1: invalid number of arguments in "fastcgi_pass" directive in /etc/nginx/conf.d/default.conf:32
2024/05/01 11:54:38 [emerg] 1#1: invalid number of arguments in "fastcgi_pass" directive in /etc/nginx/conf.d/default.conf:32
2024/05/01 11:54:42 [emerg] 1#1: invalid number of arguments in "fastcgi_pass" directive in /etc/nginx/conf.d/default.conf:32
2024/05/01 11:54:49 [emerg] 1#1: invalid number of arguments in "fastcgi_pass" directive in /etc/nginx/conf.d/default.conf:32
2024/05/01 11:55:02 [emerg] 1#1: invalid number of arguments in "fastcgi_pass" directive in /etc/nginx/conf.d/default.conf:32
2024/05/01 11:55:28 [emerg] 1#1: invalid number of arguments in "fastcgi_pass" directive in /etc/nginx/conf.d/default.conf:32
2024/05/01 11:56:20 [notice] 1#1: using the "epoll" event method
2024/05/01 11:56:20 [notice] 1#1: nginx/1.25.2
2024/05/01 11:56:20 [notice] 1#1: built by gcc 12.2.1 20220924 (Alpine 12.2.1_git20220924-r10) 
2024/05/01 11:56:20 [notice] 1#1: OS: Linux 5.15.133.1-microsoft-standard-WSL2
2024/05/01 11:56:20 [notice] 1#1: getrlimit(RLIMIT_NOFILE): 1048576:1048576
2024/05/01 11:56:20 [notice] 1#1: start worker processes
2024/05/01 11:56:20 [notice] 1#1: start worker process 29
2024/05/01 11:56:20 [notice] 1#1: start worker process 30
2024/05/01 11:56:20 [notice] 1#1: start worker process 31
2024/05/01 11:56:20 [notice] 1#1: start worker process 32
2024/05/01 11:56:20 [notice] 1#1: start worker process 33
2024/05/01 11:56:20 [notice] 1#1: start worker process 34
2024/05/01 11:56:20 [notice] 1#1: start worker process 35
2024/05/01 11:56:20 [notice] 1#1: start worker process 36
2024/05/01 11:56:25 [notice] 1#1: signal 3 (SIGQUIT) received, shutting down
2024/05/01 11:56:25 [notice] 32#32: gracefully shutting down
2024/05/01 11:56:25 [notice] 32#32: exiting
2024/05/01 11:56:25 [notice] 34#34: gracefully shutting down
2024/05/01 11:56:25 [notice] 35#35: gracefully shutting down
2024/05/01 11:56:25 [notice] 31#31: gracefully shutting down
2024/05/01 11:56:25 [notice] 34#34: exiting
2024/05/01 11:56:25 [notice] 35#35: exiting
2024/05/01 11:56:25 [notice] 31#31: exiting
2024/05/01 11:56:25 [notice] 32#32: exit
2024/05/01 11:56:25 [notice] 35#35: exit
2024/05/01 11:56:25 [notice] 31#31: exit
2024/05/01 11:56:25 [notice] 34#34: exit
2024/05/01 11:56:25 [notice] 30#30: gracefully shutting down
2024/05/01 11:56:25 [notice] 30#30: exiting
2024/05/01 11:56:25 [notice] 30#30: exit
2024/05/01 11:56:25 [notice] 33#33: gracefully shutting down
2024/05/01 11:56:25 [notice] 33#33: exiting
2024/05/01 11:56:25 [notice] 36#36: gracefully shutting down
2024/05/01 11:56:25 [notice] 33#33: exit
2024/05/01 11:56:25 [notice] 36#36: exiting
2024/05/01 11:56:25 [notice] 36#36: exit
2024/05/01 11:56:25 [notice] 29#29: gracefully shutting down
2024/05/01 11:56:25 [notice] 29#29: exiting
2024/05/01 11:56:25 [notice] 29#29: exit
2024/05/01 11:56:25 [notice] 1#1: signal 17 (SIGCHLD) received from 33
2024/05/01 11:56:25 [notice] 1#1: worker process 33 exited with code 0
2024/05/01 11:56:25 [notice] 1#1: signal 29 (SIGIO) received
2024/05/01 11:56:25 [notice] 1#1: signal 17 (SIGCHLD) received from 29
2024/05/01 11:56:25 [notice] 1#1: worker process 29 exited with code 0
2024/05/01 11:56:25 [notice] 1#1: signal 29 (SIGIO) received
2024/05/01 11:56:25 [notice] 1#1: signal 17 (SIGCHLD) received from 32
2024/05/01 11:56:25 [notice] 1#1: worker process 32 exited with code 0
2024/05/01 11:56:25 [notice] 1#1: signal 29 (SIGIO) received
2024/05/01 11:56:25 [notice] 1#1: signal 17 (SIGCHLD) received from 31
2024/05/01 11:56:25 [notice] 1#1: worker process 31 exited with code 0
2024/05/01 11:56:25 [notice] 1#1: signal 29 (SIGIO) received
2024/05/01 11:56:25 [notice] 1#1: signal 17 (SIGCHLD) received from 30
2024/05/01 11:56:25 [notice] 1#1: worker process 30 exited with code 0
2024/05/01 11:56:25 [notice] 1#1: signal 29 (SIGIO) received
2024/05/01 11:56:25 [notice] 1#1: signal 17 (SIGCHLD) received from 35
2024/05/01 11:56:25 [notice] 1#1: worker process 34 exited with code 0
2024/05/01 11:56:25 [notice] 1#1: worker process 35 exited with code 0
2024/05/01 11:56:25 [notice] 1#1: worker process 36 exited with code 0
2024/05/01 11:56:25 [notice] 1#1: exit
2024/05/01 11:56:30 [notice] 1#1: using the "epoll" event method
2024/05/01 11:56:30 [notice] 1#1: nginx/1.25.2
2024/05/01 11:56:30 [notice] 1#1: built by gcc 12.2.1 20220924 (Alpine 12.2.1_git20220924-r10) 
2024/05/01 11:56:30 [notice] 1#1: OS: Linux 5.15.133.1-microsoft-standard-WSL2
2024/05/01 11:56:30 [notice] 1#1: getrlimit(RLIMIT_NOFILE): 1048576:1048576
2024/05/01 11:56:30 [notice] 1#1: start worker processes
2024/05/01 11:56:30 [notice] 1#1: start worker process 29
2024/05/01 11:56:30 [notice] 1#1: start worker process 30
2024/05/01 11:56:30 [notice] 1#1: start worker process 31
2024/05/01 11:56:30 [notice] 1#1: start worker process 32
2024/05/01 11:56:30 [notice] 1#1: start worker process 33
2024/05/01 11:56:30 [notice] 1#1: start worker process 34
2024/05/01 11:56:30 [notice] 1#1: start worker process 35
2024/05/01 11:56:30 [notice] 1#1: start worker process 36
